{"total": {"lines":{"total":43,"covered":38,"skipped":0,"pct":88.37},"statements":{"total":47,"covered":41,"skipped":0,"pct":87.23},"functions":{"total":11,"covered":7,"skipped":0,"pct":63.63},"branches":{"total":8,"covered":7,"skipped":0,"pct":87.5},"branchesTrue":{"total":0,"covered":0,"skipped":0,"pct":100}}
,"/home/karlakeurin/Trybe/Projetos/sd-035-project-trybesmith/src/controllers/products.controller.ts": {"lines":{"total":8,"covered":8,"skipped":0,"pct":100},"functions":{"total":2,"covered":2,"skipped":0,"pct":100},"statements":{"total":8,"covered":8,"skipped":0,"pct":100},"branches":{"total":0,"covered":0,"skipped":0,"pct":100}}
,"/home/karlakeurin/Trybe/Projetos/sd-035-project-trybesmith/src/controllers/users.controller.ts": {"lines":{"total":11,"covered":9,"skipped":0,"pct":81.81},"functions":{"total":2,"covered":1,"skipped":0,"pct":50},"statements":{"total":11,"covered":9,"skipped":0,"pct":81.81},"branches":{"total":0,"covered":0,"skipped":0,"pct":100}}
,"/home/karlakeurin/Trybe/Projetos/sd-035-project-trybesmith/src/services/products.service.ts": {"lines":{"total":8,"covered":8,"skipped":0,"pct":100},"functions":{"total":3,"covered":3,"skipped":0,"pct":100},"statements":{"total":9,"covered":9,"skipped":0,"pct":100},"branches":{"total":0,"covered":0,"skipped":0,"pct":100}}
,"/home/karlakeurin/Trybe/Projetos/sd-035-project-trybesmith/src/services/users.service.ts": {"lines":{"total":16,"covered":13,"skipped":0,"pct":81.25},"functions":{"total":4,"covered":1,"skipped":0,"pct":25},"statements":{"total":19,"covered":15,"skipped":0,"pct":78.94},"branches":{"total":8,"covered":7,"skipped":0,"pct":87.5}}
}
